06:27:51,729 [5] INFO C:\GitBorusan\Crcapi.Services\Middlewares\RequestResponseLoggingMiddleware.cs - Http Request Information:
Schema:http Host: localhost:51861 Path: /api/cdoms QueryString:  Request Body: 
06:27:51,869 [5] INFO root - Http Request Information:
Schema:http Host: localhost:51861 Path: /api/cdoms QueryString:  Request Body: 
06:27:57,665 [5] INFO C:\GitBorusan\Crcapi.Services\Middlewares\RequestResponseLoggingMiddleware.cs - Http Response Information:
Schema:http Host: localhost:51861 Path: /api/cdoms QueryString:  Response Body: 
06:27:57,666 [5] INFO root - Http Response Information:
Schema:http Host: localhost:51861 Path: /api/cdoms QueryString:  Response Body: 
06:28:01,801 [4] INFO C:\GitBorusan\Crcapi.Services\Middlewares\RequestResponseLoggingMiddleware.cs - Http Request Information:
Schema:http Host: localhost:51861 Path: /favicon.ico QueryString:  Request Body: 
06:28:01,802 [4] INFO root - Http Request Information:
Schema:http Host: localhost:51861 Path: /favicon.ico QueryString:  Request Body: 
06:28:05,893 [4] INFO C:\GitBorusan\Crcapi.Services\Middlewares\RequestResponseLoggingMiddleware.cs - Http Response Information:
Schema:http Host: localhost:51861 Path: /favicon.ico QueryString:  Response Body: 
06:28:05,894 [4] INFO root - Http Response Information:
Schema:http Host: localhost:51861 Path: /favicon.ico QueryString:  Response Body: 
06:50:27,588 [5] INFO C:\GitBorusan\Crcapi.Services\Middlewares\RequestResponseLoggingMiddleware.cs - Http Request Information:
Schema:http Host: localhost:51861 Path: /api/cdoms QueryString:  Request Body: 
06:50:27,668 [5] INFO root - Http Request Information:
Schema:http Host: localhost:51861 Path: /api/cdoms QueryString:  Request Body: 
06:50:32,969 [5] INFO C:\GitBorusan\Crcapi.Services\Middlewares\RequestResponseLoggingMiddleware.cs - Http Response Information:
Schema:http Host: localhost:51861 Path: /api/cdoms QueryString:  Response Body: 
06:50:32,970 [5] INFO root - Http Response Information:
Schema:http Host: localhost:51861 Path: /api/cdoms QueryString:  Response Body: 
06:50:37,104 [4] INFO C:\GitBorusan\Crcapi.Services\Middlewares\RequestResponseLoggingMiddleware.cs - Http Request Information:
Schema:http Host: localhost:51861 Path: /favicon.ico QueryString:  Request Body: 
06:50:37,105 [4] INFO root - Http Request Information:
Schema:http Host: localhost:51861 Path: /favicon.ico QueryString:  Request Body: 
06:50:41,186 [4] INFO C:\GitBorusan\Crcapi.Services\Middlewares\RequestResponseLoggingMiddleware.cs - Http Response Information:
Schema:http Host: localhost:51861 Path: /favicon.ico QueryString:  Response Body: 
06:50:41,188 [4] INFO root - Http Response Information:
Schema:http Host: localhost:51861 Path: /favicon.ico QueryString:  Response Body: 
06:51:28,484 [4] INFO C:\GitBorusan\Crcapi.Services\Middlewares\RequestResponseLoggingMiddleware.cs - Http Request Information:
Schema:http Host: localhost:51861 Path: /api/cdoms QueryString:  Request Body: 
06:51:28,579 [4] INFO root - Http Request Information:
Schema:http Host: localhost:51861 Path: /api/cdoms QueryString:  Request Body: 
06:51:33,927 [4] INFO C:\GitBorusan\Crcapi.Services\Middlewares\RequestResponseLoggingMiddleware.cs - Http Response Information:
Schema:http Host: localhost:51861 Path: /api/cdoms QueryString:  Response Body: 
06:51:33,928 [4] INFO root - Http Response Information:
Schema:http Host: localhost:51861 Path: /api/cdoms QueryString:  Response Body: 
06:51:38,074 [5] INFO C:\GitBorusan\Crcapi.Services\Middlewares\RequestResponseLoggingMiddleware.cs - Http Request Information:
Schema:http Host: localhost:51861 Path: /favicon.ico QueryString:  Request Body: 
06:51:38,075 [5] INFO root - Http Request Information:
Schema:http Host: localhost:51861 Path: /favicon.ico QueryString:  Request Body: 
06:51:42,156 [5] INFO C:\GitBorusan\Crcapi.Services\Middlewares\RequestResponseLoggingMiddleware.cs - Http Response Information:
Schema:http Host: localhost:51861 Path: /favicon.ico QueryString:  Response Body: 
06:51:42,157 [5] INFO root - Http Response Information:
Schema:http Host: localhost:51861 Path: /favicon.ico QueryString:  Response Body: 
