02:15:31,859 [4] INFO C:\GitBorusan\Crcapi.Services\Middlewares\RequestResponseLoggingMiddleware.cs - Http Request Information:
Schema:http Host: localhost:51861 Path: /api/cdoms QueryString:  Request Body: 
02:15:32,002 [4] INFO root - Http Request Information:
Schema:http Host: localhost:51861 Path: /api/cdoms QueryString:  Request Body: 
02:15:37,192 [4] INFO C:\GitBorusan\Crcapi.Services\Middlewares\RequestResponseLoggingMiddleware.cs - Http Response Information:
Schema:http Host: localhost:51861 Path: /api/cdoms QueryString:  Response Body: 
02:15:37,193 [4] INFO root - Http Response Information:
Schema:http Host: localhost:51861 Path: /api/cdoms QueryString:  Response Body: 
02:15:41,336 [5] INFO C:\GitBorusan\Crcapi.Services\Middlewares\RequestResponseLoggingMiddleware.cs - Http Request Information:
Schema:http Host: localhost:51861 Path: /favicon.ico QueryString:  Request Body: 
02:15:41,337 [5] INFO root - Http Request Information:
Schema:http Host: localhost:51861 Path: /favicon.ico QueryString:  Request Body: 
02:15:45,433 [5] INFO C:\GitBorusan\Crcapi.Services\Middlewares\RequestResponseLoggingMiddleware.cs - Http Response Information:
Schema:http Host: localhost:51861 Path: /favicon.ico QueryString:  Response Body: 
02:15:45,433 [5] INFO root - Http Response Information:
Schema:http Host: localhost:51861 Path: /favicon.ico QueryString:  Response Body: 
02:42:21,618 [5] INFO C:\GitBorusan\Crcapi.Services\Middlewares\RequestResponseLoggingMiddleware.cs - Http Request Information:
Schema:http Host: localhost:51861 Path: /api/cdoms QueryString:  Request Body: 
02:42:21,710 [5] INFO root - Http Request Information:
Schema:http Host: localhost:51861 Path: /api/cdoms QueryString:  Request Body: 
02:42:26,763 [5] INFO C:\GitBorusan\Crcapi.Services\Middlewares\RequestResponseLoggingMiddleware.cs - Http Response Information:
Schema:http Host: localhost:51861 Path: /api/cdoms QueryString:  Response Body: 
02:42:26,764 [5] INFO root - Http Response Information:
Schema:http Host: localhost:51861 Path: /api/cdoms QueryString:  Response Body: 
02:42:30,918 [4] INFO C:\GitBorusan\Crcapi.Services\Middlewares\RequestResponseLoggingMiddleware.cs - Http Request Information:
Schema:http Host: localhost:51861 Path: /favicon.ico QueryString:  Request Body: 
02:42:30,919 [4] INFO root - Http Request Information:
Schema:http Host: localhost:51861 Path: /favicon.ico QueryString:  Request Body: 
02:42:35,008 [4] INFO C:\GitBorusan\Crcapi.Services\Middlewares\RequestResponseLoggingMiddleware.cs - Http Response Information:
Schema:http Host: localhost:51861 Path: /favicon.ico QueryString:  Response Body: 
02:42:35,009 [4] INFO root - Http Response Information:
Schema:http Host: localhost:51861 Path: /favicon.ico QueryString:  Response Body: 
02:50:39,676 [5] INFO C:\GitBorusan\Crcapi.Services\Middlewares\RequestResponseLoggingMiddleware.cs - Http Request Information:
Schema:http Host: localhost:51861 Path: /favicon.ico QueryString:  Request Body: 
02:50:39,676 [4] INFO C:\GitBorusan\Crcapi.Services\Middlewares\RequestResponseLoggingMiddleware.cs - Http Request Information:
Schema:http Host: localhost:51861 Path: /api/cdoms QueryString:  Request Body: 
02:50:39,761 [5] INFO root - Http Request Information:
Schema:http Host: localhost:51861 Path: /favicon.ico QueryString:  Request Body: 
02:50:39,762 [4] INFO root - Http Request Information:
Schema:http Host: localhost:51861 Path: /api/cdoms QueryString:  Request Body: 
02:50:44,804 [5] INFO C:\GitBorusan\Crcapi.Services\Middlewares\RequestResponseLoggingMiddleware.cs - Http Response Information:
Schema:http Host: localhost:51861 Path: /favicon.ico QueryString:  Response Body: 
02:50:44,805 [5] INFO root - Http Response Information:
Schema:http Host: localhost:51861 Path: /favicon.ico QueryString:  Response Body: 
02:50:48,105 [4] INFO C:\GitBorusan\Crcapi.Services\Middlewares\RequestResponseLoggingMiddleware.cs - Http Response Information:
Schema:http Host: localhost:51861 Path: /api/cdoms QueryString:  Response Body: 
02:50:48,106 [4] INFO root - Http Response Information:
Schema:http Host: localhost:51861 Path: /api/cdoms QueryString:  Response Body: 
02:50:56,312 [28] INFO C:\GitBorusan\Crcapi.Services\Middlewares\RequestResponseLoggingMiddleware.cs - Http Request Information:
Schema:http Host: localhost:51861 Path: /favicon.ico QueryString:  Request Body: 
02:50:56,313 [28] INFO root - Http Request Information:
Schema:http Host: localhost:51861 Path: /favicon.ico QueryString:  Request Body: 
02:51:00,419 [28] INFO C:\GitBorusan\Crcapi.Services\Middlewares\RequestResponseLoggingMiddleware.cs - Http Response Information:
Schema:http Host: localhost:51861 Path: /favicon.ico QueryString:  Response Body: 
02:51:00,420 [28] INFO root - Http Response Information:
Schema:http Host: localhost:51861 Path: /favicon.ico QueryString:  Response Body: 
05:21:29,140 [4] INFO C:\GitBorusan\Crcapi.Services\Middlewares\RequestResponseLoggingMiddleware.cs - Http Request Information:
Schema:http Host: localhost:51861 Path: /api/cdoms QueryString:  Request Body: 
05:21:29,349 [4] INFO root - Http Request Information:
Schema:http Host: localhost:51861 Path: /api/cdoms QueryString:  Request Body: 
05:21:34,317 [4] INFO C:\GitBorusan\Crcapi.Services\Middlewares\RequestResponseLoggingMiddleware.cs - Http Response Information:
Schema:http Host: localhost:51861 Path: /api/cdoms QueryString:  Response Body: 
05:21:34,318 [4] INFO root - Http Response Information:
Schema:http Host: localhost:51861 Path: /api/cdoms QueryString:  Response Body: 
05:21:38,465 [5] INFO C:\GitBorusan\Crcapi.Services\Middlewares\RequestResponseLoggingMiddleware.cs - Http Request Information:
Schema:http Host: localhost:51861 Path: /favicon.ico QueryString:  Request Body: 
05:21:38,466 [5] INFO root - Http Request Information:
Schema:http Host: localhost:51861 Path: /favicon.ico QueryString:  Request Body: 
05:21:42,566 [5] INFO C:\GitBorusan\Crcapi.Services\Middlewares\RequestResponseLoggingMiddleware.cs - Http Response Information:
Schema:http Host: localhost:51861 Path: /favicon.ico QueryString:  Response Body: 
05:21:42,567 [5] INFO root - Http Response Information:
Schema:http Host: localhost:51861 Path: /favicon.ico QueryString:  Response Body: 
05:53:26,493 [5] INFO C:\GitBorusan\Crcapi.Services\Middlewares\RequestResponseLoggingMiddleware.cs - Http Request Information:
Schema:http Host: localhost:51861 Path: /api/cdoms QueryString:  Request Body: 
05:53:26,596 [5] INFO root - Http Request Information:
Schema:http Host: localhost:51861 Path: /api/cdoms QueryString:  Request Body: 
05:53:32,051 [5] INFO C:\GitBorusan\Crcapi.Services\Middlewares\RequestResponseLoggingMiddleware.cs - Http Response Information:
Schema:http Host: localhost:51861 Path: /api/cdoms QueryString:  Response Body: 
05:53:32,052 [5] INFO root - Http Response Information:
Schema:http Host: localhost:51861 Path: /api/cdoms QueryString:  Response Body: 
05:53:36,209 [20] INFO C:\GitBorusan\Crcapi.Services\Middlewares\RequestResponseLoggingMiddleware.cs - Http Request Information:
Schema:http Host: localhost:51861 Path: /favicon.ico QueryString:  Request Body: 
05:53:36,210 [20] INFO root - Http Request Information:
Schema:http Host: localhost:51861 Path: /favicon.ico QueryString:  Request Body: 
05:53:40,318 [20] INFO C:\GitBorusan\Crcapi.Services\Middlewares\RequestResponseLoggingMiddleware.cs - Http Response Information:
Schema:http Host: localhost:51861 Path: /favicon.ico QueryString:  Response Body: 
05:53:40,321 [20] INFO root - Http Response Information:
Schema:http Host: localhost:51861 Path: /favicon.ico QueryString:  Response Body: 
05:58:28,611 [18] INFO C:\GitBorusan\Crcapi.Services\Middlewares\RequestResponseLoggingMiddleware.cs - Http Request Information:
Schema:http Host: localhost:51861 Path: /api/cdoms QueryString:  Request Body: 
05:58:28,751 [18] INFO root - Http Request Information:
Schema:http Host: localhost:51861 Path: /api/cdoms QueryString:  Request Body: 
05:58:33,803 [18] INFO C:\GitBorusan\Crcapi.Services\Middlewares\RequestResponseLoggingMiddleware.cs - Http Response Information:
Schema:http Host: localhost:51861 Path: /api/cdoms QueryString:  Response Body: 
05:58:33,804 [18] INFO root - Http Response Information:
Schema:http Host: localhost:51861 Path: /api/cdoms QueryString:  Response Body: 
05:58:37,943 [20] INFO C:\GitBorusan\Crcapi.Services\Middlewares\RequestResponseLoggingMiddleware.cs - Http Request Information:
Schema:http Host: localhost:51861 Path: /favicon.ico QueryString:  Request Body: 
05:58:37,944 [20] INFO root - Http Request Information:
Schema:http Host: localhost:51861 Path: /favicon.ico QueryString:  Request Body: 
05:58:42,026 [20] INFO C:\GitBorusan\Crcapi.Services\Middlewares\RequestResponseLoggingMiddleware.cs - Http Response Information:
Schema:http Host: localhost:51861 Path: /favicon.ico QueryString:  Response Body: 
05:58:42,027 [20] INFO root - Http Response Information:
Schema:http Host: localhost:51861 Path: /favicon.ico QueryString:  Response Body: 
06:03:18,019 [5] INFO C:\GitBorusan\Crcapi.Services\Middlewares\RequestResponseLoggingMiddleware.cs - Http Request Information:
Schema:http Host: localhost:51861 Path: /favicon.ico QueryString:  Request Body: 
06:03:18,019 [4] INFO C:\GitBorusan\Crcapi.Services\Middlewares\RequestResponseLoggingMiddleware.cs - Http Request Information:
Schema:http Host: localhost:51861 Path: /api/cdoms QueryString:  Request Body: 
06:03:18,108 [4] INFO root - Http Request Information:
Schema:http Host: localhost:51861 Path: /api/cdoms QueryString:  Request Body: 
06:03:18,108 [5] INFO root - Http Request Information:
Schema:http Host: localhost:51861 Path: /favicon.ico QueryString:  Request Body: 
06:03:23,065 [4] INFO C:\GitBorusan\Crcapi.Services\Middlewares\RequestResponseLoggingMiddleware.cs - Http Response Information:
Schema:http Host: localhost:51861 Path: /api/cdoms QueryString:  Response Body: 
06:03:23,066 [4] INFO root - Http Response Information:
Schema:http Host: localhost:51861 Path: /api/cdoms QueryString:  Response Body: 
06:03:26,367 [5] INFO C:\GitBorusan\Crcapi.Services\Middlewares\RequestResponseLoggingMiddleware.cs - Http Response Information:
Schema:http Host: localhost:51861 Path: /favicon.ico QueryString:  Response Body: 
06:03:26,368 [5] INFO root - Http Response Information:
Schema:http Host: localhost:51861 Path: /favicon.ico QueryString:  Response Body: 
09:09:50,452 [5] INFO C:\GitBorusan\Crcapi.Services\Middlewares\RequestResponseLoggingMiddleware.cs - Http Request Information:
Schema:http Host: localhost:51861 Path: /api/cdoms QueryString:  Request Body: 
09:09:50,589 [5] INFO root - Http Request Information:
Schema:http Host: localhost:51861 Path: /api/cdoms QueryString:  Request Body: 
09:09:56,451 [5] INFO C:\GitBorusan\Crcapi.Services\Middlewares\RequestResponseLoggingMiddleware.cs - Http Response Information:
Schema:http Host: localhost:51861 Path: /api/cdoms QueryString:  Response Body: 
09:09:56,452 [5] INFO root - Http Response Information:
Schema:http Host: localhost:51861 Path: /api/cdoms QueryString:  Response Body: 
09:10:00,585 [4] INFO C:\GitBorusan\Crcapi.Services\Middlewares\RequestResponseLoggingMiddleware.cs - Http Request Information:
Schema:http Host: localhost:51861 Path: /favicon.ico QueryString:  Request Body: 
09:10:00,586 [4] INFO root - Http Request Information:
Schema:http Host: localhost:51861 Path: /favicon.ico QueryString:  Request Body: 
09:10:04,665 [4] INFO C:\GitBorusan\Crcapi.Services\Middlewares\RequestResponseLoggingMiddleware.cs - Http Response Information:
Schema:http Host: localhost:51861 Path: /favicon.ico QueryString:  Response Body: 
09:10:04,666 [4] INFO root - Http Response Information:
Schema:http Host: localhost:51861 Path: /favicon.ico QueryString:  Response Body: 
