01:34:07,436 [22] INFO C:\GitBorusan\Crcapi.Services\Middlewares\RequestResponseLoggingMiddleware.cs - Http Request Information:
Schema:http Host: localhost:51861 Path: /api/cdoms QueryString:  Request Body: 
01:34:07,579 [22] INFO root - Http Request Information:
Schema:http Host: localhost:51861 Path: /api/cdoms QueryString:  Request Body: 
01:34:13,166 [22] INFO C:\GitBorusan\Crcapi.Services\Middlewares\RequestResponseLoggingMiddleware.cs - Http Response Information:
Schema:http Host: localhost:51861 Path: /api/cdoms QueryString:  Response Body: 
01:34:13,168 [22] INFO root - Http Response Information:
Schema:http Host: localhost:51861 Path: /api/cdoms QueryString:  Response Body: 
01:34:17,316 [5] INFO C:\GitBorusan\Crcapi.Services\Middlewares\RequestResponseLoggingMiddleware.cs - Http Request Information:
Schema:http Host: localhost:51861 Path: /favicon.ico QueryString:  Request Body: 
01:34:17,316 [5] INFO root - Http Request Information:
Schema:http Host: localhost:51861 Path: /favicon.ico QueryString:  Request Body: 
01:34:21,384 [5] INFO C:\GitBorusan\Crcapi.Services\Middlewares\RequestResponseLoggingMiddleware.cs - Http Response Information:
Schema:http Host: localhost:51861 Path: /favicon.ico QueryString:  Response Body: 
01:34:21,385 [5] INFO root - Http Response Information:
Schema:http Host: localhost:51861 Path: /favicon.ico QueryString:  Response Body: 
03:34:59,603 [4] INFO C:\GitBorusan\Crcapi.Services\Middlewares\RequestResponseLoggingMiddleware.cs - Http Request Information:
Schema:http Host: localhost:51861 Path: /api/cdoms QueryString:  Request Body: 
03:34:59,678 [4] INFO root - Http Request Information:
Schema:http Host: localhost:51861 Path: /api/cdoms QueryString:  Request Body: 
03:35:04,572 [4] INFO C:\GitBorusan\Crcapi.Services\Middlewares\RequestResponseLoggingMiddleware.cs - Http Response Information:
Schema:http Host: localhost:51861 Path: /api/cdoms QueryString:  Response Body: 
03:35:04,573 [4] INFO root - Http Response Information:
Schema:http Host: localhost:51861 Path: /api/cdoms QueryString:  Response Body: 
03:35:08,700 [20] INFO C:\GitBorusan\Crcapi.Services\Middlewares\RequestResponseLoggingMiddleware.cs - Http Request Information:
Schema:http Host: localhost:51861 Path: /favicon.ico QueryString:  Request Body: 
03:35:08,702 [20] INFO root - Http Request Information:
Schema:http Host: localhost:51861 Path: /favicon.ico QueryString:  Request Body: 
03:35:12,758 [20] INFO C:\GitBorusan\Crcapi.Services\Middlewares\RequestResponseLoggingMiddleware.cs - Http Response Information:
Schema:http Host: localhost:51861 Path: /favicon.ico QueryString:  Response Body: 
03:35:12,759 [20] INFO root - Http Response Information:
Schema:http Host: localhost:51861 Path: /favicon.ico QueryString:  Response Body: 
03:45:33,615 [4] INFO C:\GitBorusan\Crcapi.Services\Middlewares\RequestResponseLoggingMiddleware.cs - Http Request Information:
Schema:http Host: localhost:51861 Path: /api/cdoms QueryString:  Request Body: 
03:45:33,675 [4] INFO root - Http Request Information:
Schema:http Host: localhost:51861 Path: /api/cdoms QueryString:  Request Body: 
03:45:38,614 [4] INFO C:\GitBorusan\Crcapi.Services\Middlewares\RequestResponseLoggingMiddleware.cs - Http Response Information:
Schema:http Host: localhost:51861 Path: /api/cdoms QueryString:  Response Body: 
03:45:38,615 [4] INFO root - Http Response Information:
Schema:http Host: localhost:51861 Path: /api/cdoms QueryString:  Response Body: 
03:45:42,777 [18] INFO C:\GitBorusan\Crcapi.Services\Middlewares\RequestResponseLoggingMiddleware.cs - Http Request Information:
Schema:http Host: localhost:51861 Path: /favicon.ico QueryString:  Request Body: 
03:45:42,777 [18] INFO root - Http Request Information:
Schema:http Host: localhost:51861 Path: /favicon.ico QueryString:  Request Body: 
03:45:46,892 [18] INFO C:\GitBorusan\Crcapi.Services\Middlewares\RequestResponseLoggingMiddleware.cs - Http Response Information:
Schema:http Host: localhost:51861 Path: /favicon.ico QueryString:  Response Body: 
03:45:46,893 [18] INFO root - Http Response Information:
Schema:http Host: localhost:51861 Path: /favicon.ico QueryString:  Response Body: 
03:48:55,014 [4] INFO C:\GitBorusan\Crcapi.Services\Middlewares\RequestResponseLoggingMiddleware.cs - Http Request Information:
Schema:http Host: localhost:51861 Path: /api/cdoms QueryString:  Request Body: 
03:48:55,113 [4] INFO root - Http Request Information:
Schema:http Host: localhost:51861 Path: /api/cdoms QueryString:  Request Body: 
03:49:00,092 [4] INFO C:\GitBorusan\Crcapi.Services\Middlewares\RequestResponseLoggingMiddleware.cs - Http Response Information:
Schema:http Host: localhost:51861 Path: /api/cdoms QueryString:  Response Body: 
03:49:00,093 [4] INFO root - Http Response Information:
Schema:http Host: localhost:51861 Path: /api/cdoms QueryString:  Response Body: 
03:49:04,221 [5] INFO C:\GitBorusan\Crcapi.Services\Middlewares\RequestResponseLoggingMiddleware.cs - Http Request Information:
Schema:http Host: localhost:51861 Path: /favicon.ico QueryString:  Request Body: 
03:49:04,225 [5] INFO root - Http Request Information:
Schema:http Host: localhost:51861 Path: /favicon.ico QueryString:  Request Body: 
03:49:08,286 [5] INFO C:\GitBorusan\Crcapi.Services\Middlewares\RequestResponseLoggingMiddleware.cs - Http Response Information:
Schema:http Host: localhost:51861 Path: /favicon.ico QueryString:  Response Body: 
03:49:08,286 [5] INFO root - Http Response Information:
Schema:http Host: localhost:51861 Path: /favicon.ico QueryString:  Response Body: 
