01:21:19,343 [5] INFO C:\GitBorusan\Crcapi.Services\Middlewares\RequestResponseLoggingMiddleware.cs - Http Request Information:
Schema:http Host: localhost:51861 Path: /api/cdoms QueryString:  Request Body: 
01:21:19,666 [5] INFO root - Http Request Information:
Schema:http Host: localhost:51861 Path: /api/cdoms QueryString:  Request Body: 
01:21:25,143 [5] INFO C:\GitBorusan\Crcapi.Services\Middlewares\RequestResponseLoggingMiddleware.cs - Http Response Information:
Schema:http Host: localhost:51861 Path: /api/cdoms QueryString:  Response Body: 
01:21:25,144 [5] INFO root - Http Response Information:
Schema:http Host: localhost:51861 Path: /api/cdoms QueryString:  Response Body: 
01:21:29,393 [4] INFO C:\GitBorusan\Crcapi.Services\Middlewares\RequestResponseLoggingMiddleware.cs - Http Request Information:
Schema:http Host: localhost:51861 Path: /favicon.ico QueryString:  Request Body: 
01:21:29,396 [4] INFO root - Http Request Information:
Schema:http Host: localhost:51861 Path: /favicon.ico QueryString:  Request Body: 
01:21:33,506 [4] INFO C:\GitBorusan\Crcapi.Services\Middlewares\RequestResponseLoggingMiddleware.cs - Http Response Information:
Schema:http Host: localhost:51861 Path: /favicon.ico QueryString:  Response Body: 
01:21:33,509 [4] INFO root - Http Response Information:
Schema:http Host: localhost:51861 Path: /favicon.ico QueryString:  Response Body: 
02:33:53,732 [5] INFO C:\GitBorusan\Crcapi.Services\Middlewares\RequestResponseLoggingMiddleware.cs - Http Request Information:
Schema:http Host: localhost:51861 Path: /api/cdoms QueryString:  Request Body: 
02:33:53,894 [5] INFO root - Http Request Information:
Schema:http Host: localhost:51861 Path: /api/cdoms QueryString:  Request Body: 
02:33:59,137 [5] INFO C:\GitBorusan\Crcapi.Services\Middlewares\RequestResponseLoggingMiddleware.cs - Http Response Information:
Schema:http Host: localhost:51861 Path: /api/cdoms QueryString:  Response Body: 
02:33:59,138 [5] INFO root - Http Response Information:
Schema:http Host: localhost:51861 Path: /api/cdoms QueryString:  Response Body: 
02:34:03,284 [4] INFO C:\GitBorusan\Crcapi.Services\Middlewares\RequestResponseLoggingMiddleware.cs - Http Request Information:
Schema:http Host: localhost:51861 Path: /favicon.ico QueryString:  Request Body: 
02:34:03,285 [4] INFO root - Http Request Information:
Schema:http Host: localhost:51861 Path: /favicon.ico QueryString:  Request Body: 
02:34:07,391 [4] INFO C:\GitBorusan\Crcapi.Services\Middlewares\RequestResponseLoggingMiddleware.cs - Http Response Information:
Schema:http Host: localhost:51861 Path: /favicon.ico QueryString:  Response Body: 
02:34:07,392 [4] INFO root - Http Response Information:
Schema:http Host: localhost:51861 Path: /favicon.ico QueryString:  Response Body: 
02:42:38,795 [4] INFO C:\GitBorusan\Crcapi.Services\Middlewares\RequestResponseLoggingMiddleware.cs - Http Request Information:
Schema:http Host: localhost:51861 Path: /api/cdoms QueryString:  Request Body: 
02:42:38,875 [4] INFO root - Http Request Information:
Schema:http Host: localhost:51861 Path: /api/cdoms QueryString:  Request Body: 
02:42:43,815 [4] INFO C:\GitBorusan\Crcapi.Services\Middlewares\RequestResponseLoggingMiddleware.cs - Http Response Information:
Schema:http Host: localhost:51861 Path: /api/cdoms QueryString:  Response Body: 
02:42:43,816 [4] INFO root - Http Response Information:
Schema:http Host: localhost:51861 Path: /api/cdoms QueryString:  Response Body: 
