02:14:23,256 [21] INFO C:\GitBorusan\Crcapi.Services\Middlewares\RequestResponseLoggingMiddleware.cs - Http Request Information:
Schema:http Host: localhost:51861 Path: /api/cdoms QueryString:  Request Body: 
02:14:23,444 [21] INFO root - Http Request Information:
Schema:http Host: localhost:51861 Path: /api/cdoms QueryString:  Request Body: 
02:14:29,157 [21] INFO C:\GitBorusan\Crcapi.Services\Middlewares\RequestResponseLoggingMiddleware.cs - Http Response Information:
Schema:http Host: localhost:51861 Path: /api/cdoms QueryString:  Response Body: 
02:14:29,160 [21] INFO root - Http Response Information:
Schema:http Host: localhost:51861 Path: /api/cdoms QueryString:  Response Body: 
02:14:33,368 [5] INFO C:\GitBorusan\Crcapi.Services\Middlewares\RequestResponseLoggingMiddleware.cs - Http Request Information:
Schema:http Host: localhost:51861 Path: /favicon.ico QueryString:  Request Body: 
02:14:33,369 [5] INFO root - Http Request Information:
Schema:http Host: localhost:51861 Path: /favicon.ico QueryString:  Request Body: 
02:14:37,466 [5] INFO C:\GitBorusan\Crcapi.Services\Middlewares\RequestResponseLoggingMiddleware.cs - Http Response Information:
Schema:http Host: localhost:51861 Path: /favicon.ico QueryString:  Response Body: 
02:14:37,469 [5] INFO root - Http Response Information:
Schema:http Host: localhost:51861 Path: /favicon.ico QueryString:  Response Body: 
02:24:02,839 [4] INFO C:\GitBorusan\Crcapi.Services\Middlewares\RequestResponseLoggingMiddleware.cs - Http Request Information:
Schema:http Host: localhost:51861 Path: /api/cdoms QueryString:  Request Body: 
02:24:02,973 [4] INFO root - Http Request Information:
Schema:http Host: localhost:51861 Path: /api/cdoms QueryString:  Request Body: 
02:24:08,816 [4] INFO C:\GitBorusan\Crcapi.Services\Middlewares\RequestResponseLoggingMiddleware.cs - Http Response Information:
Schema:http Host: localhost:51861 Path: /api/cdoms QueryString:  Response Body: 
02:24:08,817 [4] INFO root - Http Response Information:
Schema:http Host: localhost:51861 Path: /api/cdoms QueryString:  Response Body: 
02:24:13,020 [5] INFO C:\GitBorusan\Crcapi.Services\Middlewares\RequestResponseLoggingMiddleware.cs - Http Request Information:
Schema:http Host: localhost:51861 Path: /favicon.ico QueryString:  Request Body: 
02:24:13,023 [5] INFO root - Http Request Information:
Schema:http Host: localhost:51861 Path: /favicon.ico QueryString:  Request Body: 
02:24:17,148 [5] INFO C:\GitBorusan\Crcapi.Services\Middlewares\RequestResponseLoggingMiddleware.cs - Http Response Information:
Schema:http Host: localhost:51861 Path: /favicon.ico QueryString:  Response Body: 
02:24:17,151 [5] INFO root - Http Response Information:
Schema:http Host: localhost:51861 Path: /favicon.ico QueryString:  Response Body: 
02:36:32,251 [4] INFO C:\GitBorusan\Crcapi.Services\Middlewares\RequestResponseLoggingMiddleware.cs - Http Request Information:
Schema:http Host: localhost:51861 Path: /api/cdoms QueryString:  Request Body: 
02:36:32,332 [4] INFO root - Http Request Information:
Schema:http Host: localhost:51861 Path: /api/cdoms QueryString:  Request Body: 
02:36:37,550 [4] INFO C:\GitBorusan\Crcapi.Services\Middlewares\RequestResponseLoggingMiddleware.cs - Http Response Information:
Schema:http Host: localhost:51861 Path: /api/cdoms QueryString:  Response Body: 
02:36:37,551 [4] INFO root - Http Response Information:
Schema:http Host: localhost:51861 Path: /api/cdoms QueryString:  Response Body: 
02:36:41,699 [20] INFO C:\GitBorusan\Crcapi.Services\Middlewares\RequestResponseLoggingMiddleware.cs - Http Request Information:
Schema:http Host: localhost:51861 Path: /favicon.ico QueryString:  Request Body: 
02:36:41,700 [20] INFO root - Http Request Information:
Schema:http Host: localhost:51861 Path: /favicon.ico QueryString:  Request Body: 
02:36:45,760 [20] INFO C:\GitBorusan\Crcapi.Services\Middlewares\RequestResponseLoggingMiddleware.cs - Http Response Information:
Schema:http Host: localhost:51861 Path: /favicon.ico QueryString:  Response Body: 
02:36:45,761 [20] INFO root - Http Response Information:
Schema:http Host: localhost:51861 Path: /favicon.ico QueryString:  Response Body: 
